This file contains any messages produced by compilers while
running configure, to aid debugging if configure makes a mistake.

It was created by configure, which was
generated by GNU Autoconf 2.59.  Invocation command line was

  $ ./configure --silent CC= LD= AR= CFLAGS=

## --------- ##
## Platform. ##
## --------- ##

hostname = dd-wrt
uname -m = x86_64
uname -r = 2.6.27.7-9-default
uname -s = Linux
uname -v = #1 SMP Tue Feb 24 13:28:42 CET 2009

/usr/bin/uname -p = unknown
/bin/uname -X     = unknown

/bin/arch              = x86_64
/usr/bin/arch -k       = unknown
/usr/convex/getsysinfo = unknown
hostinfo               = unknown
/bin/machine           = unknown
/usr/bin/oslevel       = unknown
/bin/universe          = unknown

PATH: /xfs/toolchains/staging_dir_mips.pb42/bin/
PATH: /xfs/toolchains/staging_dir_i386.4.2.1/bin/
PATH: /xfs/toolchains/armb-4.3.2/bin/
PATH: /opt/4.1.1/bin/
PATH: /sbin
PATH: /usr/sbin
PATH: /usr/local/sbin
PATH: /root/bin
PATH: /usr/local/bin
PATH: /usr/bin
PATH: /bin
PATH: /usr/X11R6/bin
PATH: /usr/games
PATH: /usr/lib/mit/bin
PATH: /usr/lib/mit/sbin


## ----------- ##
## Core tests. ##
## ----------- ##

configure:1346: checking build system type
configure:1364: result: x86_64-unknown-linux-gnu
configure:1372: checking host system type
configure:1386: result: x86_64-unknown-linux-gnu
configure:1451: checking for gcc
configure:1467: found /usr/bin/gcc
configure:1477: result: gcc
configure:1721: checking for C compiler version
configure:1724: gcc --version </dev/null >&5
gcc (SUSE Linux) 4.3.2 [gcc-4_3-branch revision 141291]
Copyright (C) 2008 Free Software Foundation, Inc.
This is free software; see the source for copying conditions.  There is NO
warranty; not even for MERCHANTABILITY or FITNESS FOR A PARTICULAR PURPOSE.

configure:1727: $? = 0
configure:1729: gcc -v </dev/null >&5
Using built-in specs.
Target: x86_64-suse-linux
Configured with: ../configure --prefix=/usr --infodir=/usr/share/info --mandir=/usr/share/man --libdir=/usr/lib64 --libexecdir=/usr/lib64 --enable-languages=c,c++,objc,fortran,obj-c++,java,ada --enable-checking=release --with-gxx-include-dir=/usr/include/c++/4.3 --enable-ssp --disable-libssp --with-bugurl=http://bugs.opensuse.org/ --with-pkgversion='SUSE Linux' --disable-libgcj --disable-libmudflap --with-slibdir=/lib64 --with-system-zlib --enable-__cxa_atexit --enable-libstdcxx-allocator=new --disable-libstdcxx-pch --enable-version-specific-runtime-libs --program-suffix=-4.3 --enable-linux-futex --without-system-libunwind --with-cpu=generic --build=x86_64-suse-linux
Thread model: posix
gcc version 4.3.2 [gcc-4_3-branch revision 141291] (SUSE Linux) 
configure:1732: $? = 0
configure:1734: gcc -V </dev/null >&5
gcc: '-V' option must have argument
configure:1737: $? = 1
configure:1760: checking for C compiler default output file name
configure:1763: gcc    conftest.c  >&5
configure:1766: $? = 0
configure:1812: result: a.out
configure:1817: checking whether the C compiler works
configure:1823: ./a.out
configure:1826: $? = 0
configure:1843: result: yes
configure:1850: checking whether we are cross compiling
configure:1852: result: no
configure:1855: checking for suffix of executables
configure:1857: gcc -o conftest    conftest.c  >&5
configure:1860: $? = 0
configure:1885: result: 
configure:1891: checking for suffix of object files
configure:1912: gcc -c   conftest.c >&5
configure:1915: $? = 0
configure:1937: result: o
configure:1941: checking whether we are using the GNU C compiler
configure:1965: gcc -c   conftest.c >&5
configure:1971: $? = 0
configure:1975: test -z 
			 || test ! -s conftest.err
configure:1978: $? = 0
configure:1981: test -s conftest.o
configure:1984: $? = 0
configure:1997: result: yes
configure:2003: checking whether gcc accepts -g
configure:2024: gcc -c -g  conftest.c >&5
configure:2030: $? = 0
configure:2034: test -z 
			 || test ! -s conftest.err
configure:2037: $? = 0
configure:2040: test -s conftest.o
configure:2043: $? = 0
configure:2054: result: yes
configure:2071: checking for gcc option to accept ANSI C
configure:2141: gcc  -c   conftest.c >&5
configure:2147: $? = 0
configure:2151: test -z 
			 || test ! -s conftest.err
configure:2154: $? = 0
configure:2157: test -s conftest.o
configure:2160: $? = 0
configure:2178: result: none needed
configure:2196: gcc -c   conftest.c >&5
conftest.c:2: error: expected '=', ',', ';', 'asm' or '__attribute__' before 'me'
configure:2202: $? = 1
configure: failed program was:
| #ifndef __cplusplus
|   choke me
| #endif
configure:2335: checking for GNU make
configure:2354: result: make
configure:2387: checking for asprintf
configure:2444: gcc -o conftest    conftest.c  >&5
configure:2450: $? = 0
configure:2454: test -z 
			 || test ! -s conftest.err
configure:2457: $? = 0
configure:2460: test -s conftest
configure:2463: $? = 0
configure:2475: result: yes
configure:2387: checking for getloadavg
configure:2444: gcc -o conftest    conftest.c  >&5
configure:2450: $? = 0
configure:2454: test -z 
			 || test ! -s conftest.err
configure:2457: $? = 0
configure:2460: test -s conftest
configure:2463: $? = 0
configure:2475: result: yes
configure:2387: checking for setenv
configure:2444: gcc -o conftest    conftest.c  >&5
configure:2450: $? = 0
configure:2454: test -z 
			 || test ! -s conftest.err
configure:2457: $? = 0
configure:2460: test -s conftest
configure:2463: $? = 0
configure:2475: result: yes
configure:2387: checking for strcasestr
configure:2444: gcc -o conftest    conftest.c  >&5
configure:2450: $? = 0
configure:2454: test -z 
			 || test ! -s conftest.err
configure:2457: $? = 0
configure:2460: test -s conftest
configure:2463: $? = 0
configure:2475: result: yes
configure:2387: checking for strndup
configure:2444: gcc -o conftest    conftest.c  >&5
conftest.c:37: warning: conflicting types for built-in function 'strndup'
configure:2450: $? = 0
configure:2454: test -z 
			 || test ! -s conftest.err
configure:2457: $? = 0
configure:2460: test -s conftest
configure:2463: $? = 0
configure:2475: result: yes
configure:2387: checking for strnlen
configure:2444: gcc -o conftest    conftest.c  >&5
configure:2450: $? = 0
configure:2454: test -z 
			 || test ! -s conftest.err
configure:2457: $? = 0
configure:2460: test -s conftest
configure:2463: $? = 0
configure:2475: result: yes
configure:2387: checking for strsep
configure:2444: gcc -o conftest    conftest.c  >&5
configure:2450: $? = 0
configure:2454: test -z 
			 || test ! -s conftest.err
configure:2457: $? = 0
configure:2460: test -s conftest
configure:2463: $? = 0
configure:2475: result: yes
configure:2387: checking for strtoq
configure:2444: gcc -o conftest    conftest.c  >&5
configure:2450: $? = 0
configure:2454: test -z 
			 || test ! -s conftest.err
configure:2457: $? = 0
configure:2460: test -s conftest
configure:2463: $? = 0
configure:2475: result: yes
configure:2387: checking for unsetenv
configure:2444: gcc -o conftest    conftest.c  >&5
configure:2450: $? = 0
configure:2454: test -z 
			 || test ! -s conftest.err
configure:2457: $? = 0
configure:2460: test -s conftest
configure:2463: $? = 0
configure:2475: result: yes
configure:2387: checking for vasprintf
configure:2444: gcc -o conftest    conftest.c  >&5
configure:2450: $? = 0
configure:2454: test -z 
			 || test ! -s conftest.err
configure:2457: $? = 0
configure:2460: test -s conftest
configure:2463: $? = 0
configure:2475: result: yes
configure:2548: checking how to run the C preprocessor
configure:2583: gcc -E  conftest.c
configure:2589: $? = 0
configure:2621: gcc -E  conftest.c
conftest.c:19:28: error: ac_nonexistent.h: No such file or directory
configure:2627: $? = 1
configure: failed program was:
| /* confdefs.h.  */
| 
| #define PACKAGE_NAME ""
| #define PACKAGE_TARNAME ""
| #define PACKAGE_VERSION ""
| #define PACKAGE_STRING ""
| #define PACKAGE_BUGREPORT ""
| #define HAVE_ASPRINTF 1
| #define HAVE_GETLOADAVG 1
| #define HAVE_SETENV 1
| #define HAVE_STRCASESTR 1
| #define HAVE_STRNDUP 1
| #define HAVE_STRNLEN 1
| #define HAVE_STRSEP 1
| #define HAVE_STRTOQ 1
| #define HAVE_UNSETENV 1
| #define HAVE_VASPRINTF 1
| /* end confdefs.h.  */
| #include <ac_nonexistent.h>
configure:2666: result: gcc -E
configure:2690: gcc -E  conftest.c
configure:2696: $? = 0
configure:2728: gcc -E  conftest.c
conftest.c:19:28: error: ac_nonexistent.h: No such file or directory
configure:2734: $? = 1
configure: failed program was:
| /* confdefs.h.  */
| 
| #define PACKAGE_NAME ""
| #define PACKAGE_TARNAME ""
| #define PACKAGE_VERSION ""
| #define PACKAGE_STRING ""
| #define PACKAGE_BUGREPORT ""
| #define HAVE_ASPRINTF 1
| #define HAVE_GETLOADAVG 1
| #define HAVE_SETENV 1
| #define HAVE_STRCASESTR 1
| #define HAVE_STRNDUP 1
| #define HAVE_STRNLEN 1
| #define HAVE_STRSEP 1
| #define HAVE_STRTOQ 1
| #define HAVE_UNSETENV 1
| #define HAVE_VASPRINTF 1
| /* end confdefs.h.  */
| #include <ac_nonexistent.h>
configure:2778: checking for egrep
configure:2788: result: grep -E
configure:2793: checking for ANSI C header files
configure:2818: gcc -c   conftest.c >&5
configure:2824: $? = 0
configure:2828: test -z 
			 || test ! -s conftest.err
configure:2831: $? = 0
configure:2834: test -s conftest.o
configure:2837: $? = 0
configure:2926: gcc -o conftest    conftest.c  >&5
conftest.c: In function 'main':
conftest.c:36: warning: incompatible implicit declaration of built-in function 'exit'
configure:2929: $? = 0
configure:2931: ./conftest
configure:2934: $? = 0
configure:2949: result: yes
configure:2973: checking for sys/types.h
configure:2989: gcc -c   conftest.c >&5
configure:2995: $? = 0
configure:2999: test -z 
			 || test ! -s conftest.err
configure:3002: $? = 0
configure:3005: test -s conftest.o
configure:3008: $? = 0
configure:3019: result: yes
configure:2973: checking for sys/stat.h
configure:2989: gcc -c   conftest.c >&5
configure:2995: $? = 0
configure:2999: test -z 
			 || test ! -s conftest.err
configure:3002: $? = 0
configure:3005: test -s conftest.o
configure:3008: $? = 0
configure:3019: result: yes
configure:2973: checking for stdlib.h
configure:2989: gcc -c   conftest.c >&5
configure:2995: $? = 0
configure:2999: test -z 
			 || test ! -s conftest.err
configure:3002: $? = 0
configure:3005: test -s conftest.o
configure:3008: $? = 0
configure:3019: result: yes
configure:2973: checking for string.h
configure:2989: gcc -c   conftest.c >&5
configure:2995: $? = 0
configure:2999: test -z 
			 || test ! -s conftest.err
configure:3002: $? = 0
configure:3005: test -s conftest.o
configure:3008: $? = 0
configure:3019: result: yes
configure:2973: checking for memory.h
configure:2989: gcc -c   conftest.c >&5
configure:2995: $? = 0
configure:2999: test -z 
			 || test ! -s conftest.err
configure:3002: $? = 0
configure:3005: test -s conftest.o
configure:3008: $? = 0
configure:3019: result: yes
configure:2973: checking for strings.h
configure:2989: gcc -c   conftest.c >&5
configure:2995: $? = 0
configure:2999: test -z 
			 || test ! -s conftest.err
configure:3002: $? = 0
configure:3005: test -s conftest.o
configure:3008: $? = 0
configure:3019: result: yes
configure:2973: checking for inttypes.h
configure:2989: gcc -c   conftest.c >&5
configure:2995: $? = 0
configure:2999: test -z 
			 || test ! -s conftest.err
configure:3002: $? = 0
configure:3005: test -s conftest.o
configure:3008: $? = 0
configure:3019: result: yes
configure:2973: checking for stdint.h
configure:2989: gcc -c   conftest.c >&5
configure:2995: $? = 0
configure:2999: test -z 
			 || test ! -s conftest.err
configure:3002: $? = 0
configure:3005: test -s conftest.o
configure:3008: $? = 0
configure:3019: result: yes
configure:2973: checking for unistd.h
configure:2989: gcc -c   conftest.c >&5
configure:2995: $? = 0
configure:2999: test -z 
			 || test ! -s conftest.err
configure:3002: $? = 0
configure:3005: test -s conftest.o
configure:3008: $? = 0
configure:3019: result: yes
configure:3041: checking for initscr in -lcurses
configure:3071: gcc -o conftest    conftest.c -lcurses    >&5
/usr/lib64/gcc/x86_64-suse-linux/4.3/../../../../x86_64-suse-linux/bin/ld: cannot find -lcurses
collect2: ld returned 1 exit status
configure:3077: $? = 1
configure: failed program was:
| /* confdefs.h.  */
| 
| #define PACKAGE_NAME ""
| #define PACKAGE_TARNAME ""
| #define PACKAGE_VERSION ""
| #define PACKAGE_STRING ""
| #define PACKAGE_BUGREPORT ""
| #define HAVE_ASPRINTF 1
| #define HAVE_GETLOADAVG 1
| #define HAVE_SETENV 1
| #define HAVE_STRCASESTR 1
| #define HAVE_STRNDUP 1
| #define HAVE_STRNLEN 1
| #define HAVE_STRSEP 1
| #define HAVE_STRTOQ 1
| #define HAVE_UNSETENV 1
| #define HAVE_VASPRINTF 1
| #define STDC_HEADERS 1
| #define HAVE_SYS_TYPES_H 1
| #define HAVE_SYS_STAT_H 1
| #define HAVE_STDLIB_H 1
| #define HAVE_STRING_H 1
| #define HAVE_MEMORY_H 1
| #define HAVE_STRINGS_H 1
| #define HAVE_INTTYPES_H 1
| #define HAVE_STDINT_H 1
| #define HAVE_UNISTD_H 1
| /* end confdefs.h.  */
| 
| /* Override any gcc2 internal prototype to avoid an error.  */
| #ifdef __cplusplus
| extern "C"
| #endif
| /* We use char because int might match the return type of a gcc2
|    builtin and then its argument prototype would still apply.  */
| char initscr ();
| int
| main ()
| {
| initscr ();
|   ;
|   return 0;
| }
configure:3103: result: no
configure:3461: checking for initscr in -lncurses
configure:3491: gcc -o conftest    conftest.c -lncurses -L/home/seg/DEV/pb42/src/router/ncurses/lib   >&5
/usr/lib64/gcc/x86_64-suse-linux/4.3/../../../../x86_64-suse-linux/bin/ld: skipping incompatible /home/seg/DEV/pb42/src/router/ncurses/lib/libncurses.so when searching for -lncurses
/usr/lib64/gcc/x86_64-suse-linux/4.3/../../../../x86_64-suse-linux/bin/ld: skipping incompatible /home/seg/DEV/pb42/src/router/ncurses/lib/libncurses.a when searching for -lncurses
configure:3497: $? = 0
configure:3501: test -z 
			 || test ! -s conftest.err
configure:3504: $? = 0
configure:3507: test -s conftest
configure:3510: $? = 0
configure:3523: result: yes
configure:3550: checking /home/seg/DEV/pb42/src/router/ncurses/include/curses.h usability
configure:3562: gcc -c   conftest.c >&5
In file included from conftest.c:63:
/home/seg/DEV/pb42/src/router/ncurses/include/curses.h:66:25: error: ncurses_dll.h: No such file or directory
/home/seg/DEV/pb42/src/router/ncurses/include/curses.h:134:20: error: unctrl.h: No such file or directory
In file included from conftest.c:63:
/home/seg/DEV/pb42/src/router/ncurses/include/curses.h: In function 'NCURSES_EXPORT_VAR':
/home/seg/DEV/pb42/src/router/ncurses/include/curses.h:209: error: expected declaration specifiers before 'COLORS'
/home/seg/DEV/pb42/src/router/ncurses/include/curses.h:210: error: expected '=', ',', ';', 'asm' or '__attribute__' before 'COLOR_PAIRS'
/home/seg/DEV/pb42/src/router/ncurses/include/curses.h:227: error: expected '=', ',', ';', 'asm' or '__attribute__' before 'acs_map'
/home/seg/DEV/pb42/src/router/ncurses/include/curses.h:317: error: storage class specified for parameter 'SCREEN'
/home/seg/DEV/pb42/src/router/ncurses/include/curses.h:318: error: storage class specified for parameter 'WINDOW'
/home/seg/DEV/pb42/src/router/ncurses/include/curses.h:320: error: storage class specified for parameter 'attr_t'
/home/seg/DEV/pb42/src/router/ncurses/include/curses.h:356: warning: empty declaration
/home/seg/DEV/pb42/src/router/ncurses/include/curses.h:369: error: expected specifier-qualifier-list before 'attr_t'
/home/seg/DEV/pb42/src/router/ncurses/include/curses.h:358: warning: empty declaration
/home/seg/DEV/pb42/src/router/ncurses/include/curses.h:413: error: expected ')' before '*' token
/home/seg/DEV/pb42/src/router/ncurses/include/curses.h:414: error: expected ')' before '*' token
/home/seg/DEV/pb42/src/router/ncurses/include/curses.h:415: error: expected ')' before '*' token
/home/seg/DEV/pb42/src/router/ncurses/include/curses.h:417: error: expected '=', ',', ';', 'asm' or '__attribute__' before 'LINES'
/home/seg/DEV/pb42/src/router/ncurses/include/curses.h:418: error: expected '=', ',', ';', 'asm' or '__attribute__' before 'COLS'
/home/seg/DEV/pb42/src/router/ncurses/include/curses.h:419: error: expected '=', ',', ';', 'asm' or '__attribute__' before 'TABSIZE'
/home/seg/DEV/pb42/src/router/ncurses/include/curses.h:424: error: expected '=', ',', ';', 'asm' or '__attribute__' before 'ESCDELAY'
/home/seg/DEV/pb42/src/router/ncurses/include/curses.h:430: error: expected '=', ',', ';', 'asm' or '__attribute__' before 'is_term_resized'
/home/seg/DEV/pb42/src/router/ncurses/include/curses.h:431: error: expected '=', ',', ';', 'asm' or '__attribute__' before 'keybound'
/home/seg/DEV/pb42/src/router/ncurses/include/curses.h:432: error: expected '=', ',', ';', 'asm' or '__attribute__' before 'curses_version'
/home/seg/DEV/pb42/src/router/ncurses/include/curses.h:433: error: expected '=', ',', ';', 'asm' or '__attribute__' before 'assume_default_colors'
/home/seg/DEV/pb42/src/router/ncurses/include/curses.h:434: error: expected '=', ',', ';', 'asm' or '__attribute__' before 'define_key'
/home/seg/DEV/pb42/src/router/ncurses/include/curses.h:435: error: expected '=', ',', ';', 'asm' or '__attribute__' before 'key_defined'
/home/seg/DEV/pb42/src/router/ncurses/include/curses.h:436: error: expected '=', ',', ';', 'asm' or '__attribute__' before 'keyok'
/home/seg/DEV/pb42/src/router/ncurses/include/curses.h:437: error: expected '=', ',', ';', 'asm' or '__attribute__' before 'resize_term'
/home/seg/DEV/pb42/src/router/ncurses/include/curses.h:438: error: expected '=', ',', ';', 'asm' or '__attribute__' before 'resizeterm'
/home/seg/DEV/pb42/src/router/ncurses/include/curses.h:439: error: expected '=', ',', ';', 'asm' or '__attribute__' before 'use_default_colors'
/home/seg/DEV/pb42/src/router/ncurses/include/curses.h:440: error: expected '=', ',', ';', 'asm' or '__attribute__' before 'use_extended_names'
/home/seg/DEV/pb42/src/router/ncurses/include/curses.h:441: error: expected '=', ',', ';', 'asm' or '__attribute__' before 'use_legacy_coding'
/home/seg/DEV/pb42/src/router/ncurses/include/curses.h:442: error: expected '=', ',', ';', 'asm' or '__attribute__' before 'wresize'
/home/seg/DEV/pb42/src/router/ncurses/include/curses.h:443: error: expected '=', ',', ';', 'asm' or '__attribute__' before 'nofilter'
/home/seg/DEV/pb42/src/router/ncurses/include/curses.h:546: error: expected '=', ',', ';', 'asm' or '__attribute__' before 'addch'
/home/seg/DEV/pb42/src/router/ncurses/include/curses.h:547: error: expected '=', ',', ';', 'asm' or '__attribute__' before 'addchnstr'
/home/seg/DEV/pb42/src/router/ncurses/include/curses.h:548: error: expected '=', ',', ';', 'asm' or '__attribute__' before 'addchstr'
/home/seg/DEV/pb42/src/router/ncurses/include/curses.h:549: error: expected '=', ',', ';', 'asm' or '__attribute__' before 'addnstr'
/home/seg/DEV/pb42/src/router/ncurses/include/curses.h:550: error: expected '=', ',', ';', 'asm' or '__attribute__' before 'addstr'
/home/seg/DEV/pb42/src/router/ncurses/include/curses.h:551: error: expected '=', ',', ';', 'asm' or '__attribute__' before 'attroff'
/home/seg/DEV/pb42/src/router/ncurses/include/curses.h:552: error: expected '=', ',', ';', 'asm' or '__attribute__' before 'attron'
/home/seg/DEV/pb42/src/router/ncurses/include/curses.h:553: error: expected '=', ',', ';', 'asm' or '__attribute__' before 'attrset'
/home/seg/DEV/pb42/src/router/ncurses/include/curses.h:554: error: expected '=', ',', ';', 'asm' or '__attribute__' before 'attr_get'
/home/seg/DEV/pb42/src/router/ncurses/include/curses.h:555: error: expected '=', ',', ';', 'asm' or '__attribute__' before 'attr_off'
/home/seg/DEV/pb42/src/router/ncurses/include/curses.h:556: error: expected '=', ',', ';', 'asm' or '__attribute__' before 'attr_on'
/home/seg/DEV/pb42/src/router/ncurses/include/curses.h:557: error: expected '=', ',', ';', 'asm' or '__attribute__' before 'attr_set'
/home/seg/DEV/pb42/src/router/ncurses/include/curses.h:558: error: expected '=', ',', ';', 'asm' or '__attribute__' before 'baudrate'
/home/seg/DEV/pb42/src/router/ncurses/include/curses.h:559: error: expected '=', ',', ';', 'asm' or '__attribute__' before 'beep'
/home/seg/DEV/pb42/src/router/ncurses/include/curses.h:560: error: expected '=', ',', ';', 'asm' or '__attribute__' before 'bkgd'
/home/seg/DEV/pb42/src/router/ncurses/include/curses.h:561: error: expected '=', ',', ';', 'asm' or '__attribute__' before 'bkgdset'
/home/seg/DEV/pb42/src/router/ncurses/include/curses.h:562: error: expected '=', ',', ';', 'asm' or '__attribute__' before 'border'
/home/seg/DEV/pb42/src/router/ncurses/include/curses.h:563: error: expected '=', ',', ';', 'asm' or '__attribute__' before 'box'
/home/seg/DEV/pb42/src/router/ncurses/include/curses.h:564: error: expected '=', ',', ';', 'asm' or '__attribute__' before 'can_change_color'
/home/seg/DEV/pb42/src/router/ncurses/include/curses.h:565: error: expected '=', ',', ';', 'asm' or '__attribute__' before 'cbreak'
/home/seg/DEV/pb42/src/router/ncurses/include/curses.h:566: error: expected '=', ',', ';', 'asm' or '__attribute__' before 'chgat'
/home/seg/DEV/pb42/src/router/ncurses/include/curses.h:567: error: expected '=', ',', ';', 'asm' or '__attribute__' before 'clear'
/home/seg/DEV/pb42/src/router/ncurses/include/curses.h:568: error: expected '=', ',', ';', 'asm' or '__attribute__' before 'clearok'
/home/seg/DEV/pb42/src/router/ncurses/include/curses.h:569: error: expected '=', ',', ';', 'asm' or '__attribute__' before 'clrtobot'
/home/seg/DEV/pb42/src/router/ncurses/include/curses.h:570: error: expected '=', ',', ';', 'asm' or '__attribute__' before 'clrtoeol'
/home/seg/DEV/pb42/src/router/ncurses/include/curses.h:571: error: expected '=', ',', ';', 'asm' or '__attribute__' before 'color_content'
/home/seg/DEV/pb42/src/router/ncurses/include/curses.h:572: error: expected '=', ',', ';', 'asm' or '__attribute__' before 'color_set'
/home/seg/DEV/pb42/src/router/ncurses/include/curses.h:573: error: expected '=', ',', ';', 'asm' or '__attribute__' before 'COLOR_PAIR'
/home/seg/DEV/pb42/src/router/ncurses/include/curses.h:574: error: expected '=', ',', ';', 'asm' or '__attribute__' before 'copywin'
/home/seg/DEV/pb42/src/router/ncurses/include/curses.h:575: error: expected '=', ',', ';', 'asm' or '__attribute__' before 'curs_set'
/home/seg/DEV/pb42/src/router/ncurses/include/curses.h:576: error: expected '=', ',', ';', 'asm' or '__attribute__' before 'def_prog_mode'
/home/seg/DEV/pb42/src/router/ncurses/include/curses.h:577: error: expected '=', ',', ';', 'asm' or '__attribute__' before 'def_shell_mode'
/home/seg/DEV/pb42/src/router/ncurses/include/curses.h:578: error: expected '=', ',', ';', 'asm' or '__attribute__' before 'delay_output'
/home/seg/DEV/pb42/src/router/ncurses/include/curses.h:579: error: expected '=', ',', ';', 'asm' or '__attribute__' before 'delch'
/home/seg/DEV/pb42/src/router/ncurses/include/curses.h:580: error: expected '=', ',', ';', 'asm' or '__attribute__' before 'delscreen'
/home/seg/DEV/pb42/src/router/ncurses/include/curses.h:581: error: expected '=', ',', ';', 'asm' or '__attribute__' before 'delwin'
/home/seg/DEV/pb42/src/router/ncurses/include/curses.h:582: error: expected '=', ',', ';', 'asm' or '__attribute__' before 'deleteln'
/home/seg/DEV/pb42/src/router/ncurses/include/curses.h:583: error: expected ')' before '*' token
/home/seg/DEV/pb42/src/router/ncurses/include/curses.h:584: error: expected '=', ',', ';', 'asm' or '__attribute__' before 'doupdate'
/home/seg/DEV/pb42/src/router/ncurses/include/curses.h:585: error: expected ')' before '*' token
/home/seg/DEV/pb42/src/router/ncurses/include/curses.h:586: error: expected '=', ',', ';', 'asm' or '__attribute__' before 'echo'
/home/seg/DEV/pb42/src/router/ncurses/include/curses.h:587: error: expected '=', ',', ';', 'asm' or '__attribute__' before 'echochar'
/home/seg/DEV/pb42/src/router/ncurses/include/curses.h:588: error: expected '=', ',', ';', 'asm' or '__attribute__' before 'erase'
/home/seg/DEV/pb42/src/router/ncurses/include/curses.h:589: error: expected '=', ',', ';', 'asm' or '__attribute__' before 'endwin'
/home/seg/DEV/pb42/src/router/ncurses/include/curses.h:590: error: expected '=', ',', ';', 'asm' or '__attribute__' before 'erasechar'
/home/seg/DEV/pb42/src/router/ncurses/include/curses.h:591: error: expected '=', ',', ';', 'asm' or '__attribute__' before 'filter'
/home/seg/DEV/pb42/src/router/ncurses/include/curses.h:592: error: expected '=', ',', ';', 'asm' or '__attribute__' before 'flash'
/home/seg/DEV/pb42/src/router/ncurses/include/curses.h:593: error: expected '=', ',', ';', 'asm' or '__attribute__' before 'flushinp'
/home/seg/DEV/pb42/src/router/ncurses/include/curses.h:594: error: expected '=', ',', ';', 'asm' or '__attribute__' before 'getbkgd'
/home/seg/DEV/pb42/src/router/ncurses/include/curses.h:595: error: expected '=', ',', ';', 'asm' or '__attribute__' before 'getch'
/home/seg/DEV/pb42/src/router/ncurses/include/curses.h:596: error: expected '=', ',', ';', 'asm' or '__attribute__' before 'getnstr'
/home/seg/DEV/pb42/src/router/ncurses/include/curses.h:597: error: expected '=', ',', ';', 'asm' or '__attribute__' before 'getstr'
/home/seg/DEV/pb42/src/router/ncurses/include/curses.h:598: error: expected ')' before '*' token
/home/seg/DEV/pb42/src/router/ncurses/include/curses.h:599: error: expected '=', ',', ';', 'asm' or '__attribute__' before 'halfdelay'
/home/seg/DEV/pb42/src/router/ncurses/include/curses.h:600: error: expected '=', ',', ';', 'asm' or '__attribute__' before 'has_colors'
/home/seg/DEV/pb42/src/router/ncurses/include/curses.h:601: error: expected '=', ',', ';', 'asm' or '__attribute__' before 'has_ic'
/home/seg/DEV/pb42/src/router/ncurses/include/curses.h:602: error: expected '=', ',', ';', 'asm' or '__attribute__' before 'has_il'
/home/seg/DEV/pb42/src/router/ncurses/include/curses.h:603: error: expected '=', ',', ';', 'asm' or '__attribute__' before 'hline'
/home/seg/DEV/pb42/src/router/ncurses/include/curses.h:604: error: expected '=', ',', ';', 'asm' or '__attribute__' before 'idcok'
/home/seg/DEV/pb42/src/router/ncurses/include/curses.h:605: error: expected '=', ',', ';', 'asm' or '__attribute__' before 'idlok'
/home/seg/DEV/pb42/src/router/ncurses/include/curses.h:606: error: expected '=', ',', ';', 'asm' or '__attribute__' before 'immedok'
/home/seg/DEV/pb42/src/router/ncurses/include/curses.h:607: error: expected '=', ',', ';', 'asm' or '__attribute__' before 'inch'
/home/seg/DEV/pb42/src/router/ncurses/include/curses.h:608: error: expected '=', ',', ';', 'asm' or '__attribute__' before 'inchnstr'
/home/seg/DEV/pb42/src/router/ncurses/include/curses.h:609: error: expected '=', ',', ';', 'asm' or '__attribute__' before 'inchstr'
/home/seg/DEV/pb42/src/router/ncurses/include/curses.h:610: error: expected ')' before '*' token
/home/seg/DEV/pb42/src/router/ncurses/include/curses.h:611: error: expected '=', ',', ';', 'asm' or '__attribute__' before 'init_color'
/home/seg/DEV/pb42/src/router/ncurses/include/curses.h:612: error: expected '=', ',', ';', 'asm' or '__attribute__' before 'init_pair'
/home/seg/DEV/pb42/src/router/ncurses/include/curses.h:613: error: expected '=', ',', ';', 'asm' or '__attribute__' before 'innstr'
/home/seg/DEV/pb42/src/router/ncurses/include/curses.h:614: error: expected '=', ',', ';', 'asm' or '__attribute__' before 'insch'
/home/seg/DEV/pb42/src/router/ncurses/include/curses.h:615: error: expected '=', ',', ';', 'asm' or '__attribute__' before 'insdelln'
/home/seg/DEV/pb42/src/router/ncurses/include/curses.h:616: error: expected '=', ',', ';', 'asm' or '__attribute__' before 'insertln'
/home/seg/DEV/pb42/src/router/ncurses/include/curses.h:617: error: expected '=', ',', ';', 'asm' or '__attribute__' before 'insnstr'
/home/seg/DEV/pb42/src/router/ncurses/include/curses.h:618: error: expected '=', ',', ';', 'asm' or '__attribute__' before 'insstr'
/home/seg/DEV/pb42/src/router/ncurses/include/curses.h:619: error: expected '=', ',', ';', 'asm' or '__attribute__' before 'instr'
/home/seg/DEV/pb42/src/router/ncurses/include/curses.h:620: error: expected '=', ',', ';', 'asm' or '__attribute__' before 'intrflush'
/home/seg/DEV/pb42/src/router/ncurses/include/curses.h:621: error: expected '=', ',', ';', 'asm' or '__attribute__' before 'isendwin'
/home/seg/DEV/pb42/src/router/ncurses/include/curses.h:622: error: expected '=', ',', ';', 'asm' or '__attribute__' before 'is_linetouched'
/home/seg/DEV/pb42/src/router/ncurses/include/curses.h:623: error: expected '=', ',', ';', 'asm' or '__attribute__' before 'is_wintouched'
/home/seg/DEV/pb42/src/router/ncurses/include/curses.h:624: error: expected '=', ',', ';', 'asm' or '__attribute__' before 'keyname'
/home/seg/DEV/pb42/src/router/ncurses/include/curses.h:625: error: expected '=', ',', ';', 'asm' or '__attribute__' before 'keypad'
/home/seg/DEV/pb42/src/router/ncurses/include/curses.h:626: error: expected '=', ',', ';', 'asm' or '__attribute__' before 'killchar'
/home/seg/DEV/pb42/src/router/ncurses/include/curses.h:627: error: expected '=', ',', ';', 'asm' or '__attribute__' before 'leaveok'
/home/seg/DEV/pb42/src/router/ncurses/include/curses.h:628: error: expected '=', ',', ';', 'asm' or '__attribute__' before 'longname'
/home/seg/DEV/pb42/src/router/ncurses/include/curses.h:629: error: expected '=', ',', ';', 'asm' or '__attribute__' before 'meta'
/home/seg/DEV/pb42/src/router/ncurses/include/curses.h:630: error: expected '=', ',', ';', 'asm' or '__attribute__' before 'move'
/home/seg/DEV/pb42/src/router/ncurses/include/curses.h:631: error: expected '=', ',', ';', 'asm' or '__attribute__' before 'mvaddch'
/home/seg/DEV/pb42/src/router/ncurses/include/curses.h:632: error: expected '=', ',', ';', 'asm' or '__attribute__' before 'mvaddchnstr'
/home/seg/DEV/pb42/src/router/ncurses/include/curses.h:633: error: expected '=', ',', ';', 'asm' or '__attribute__' before 'mvaddchstr'
/home/seg/DEV/pb42/src/router/ncurses/include/curses.h:634: error: expected '=', ',', ';', 'asm' or '__attribute__' before 'mvaddnstr'
/home/seg/DEV/pb42/src/router/ncurses/include/curses.h:635: error: expected '=', ',', ';', 'asm' or '__attribute__' before 'mvaddstr'
/home/seg/DEV/pb42/src/router/ncurses/include/curses.h:636: error: expected '=', ',', ';', 'asm' or '__attribute__' before 'mvchgat'
/home/seg/DEV/pb42/src/router/ncurses/include/curses.h:637: error: expected '=', ',', ';', 'asm' or '__attribute__' before 'mvcur'
/home/seg/DEV/pb42/src/router/ncurses/include/curses.h:638: error: expected '=', ',', ';', 'asm' or '__attribute__' before 'mvdelch'
/home/seg/DEV/pb42/src/router/ncurses/include/curses.h:639: error: expected '=', ',', ';', 'asm' or '__attribute__' before 'mvderwin'
/home/seg/DEV/pb42/src/router/ncurses/include/curses.h:640: error: expected '=', ',', ';', 'asm' or '__attribute__' before 'mvgetch'
/home/seg/DEV/pb42/src/router/ncurses/include/curses.h:641: error: expected '=', ',', ';', 'asm' or '__attribute__' before 'mvgetnstr'
/home/seg/DEV/pb42/src/router/ncurses/include/curses.h:642: error: expected '=', ',', ';', 'asm' or '__attribute__' before 'mvgetstr'
/home/seg/DEV/pb42/src/router/ncurses/include/curses.h:643: error: expected '=', ',', ';', 'asm' or '__attribute__' before 'mvhline'
/home/seg/DEV/pb42/src/router/ncurses/include/curses.h:644: error: expected '=', ',', ';', 'asm' or '__attribute__' before 'mvinch'
/home/seg/DEV/pb42/src/router/ncurses/include/curses.h:645: error: expected '=', ',', ';', 'asm' or '__attribute__' before 'mvinchnstr'
/home/seg/DEV/pb42/src/router/ncurses/include/curses.h:646: error: expected '=', ',', ';', 'asm' or '__attribute__' before 'mvinchstr'
/home/seg/DEV/pb42/src/router/ncurses/include/curses.h:647: error: expected '=', ',', ';', 'asm' or '__attribute__' before 'mvinnstr'
/home/seg/DEV/pb42/src/router/ncurses/include/curses.h:648: error: expected '=', ',', ';', 'asm' or '__attribute__' before 'mvinsch'
/home/seg/DEV/pb42/src/router/ncurses/include/curses.h:649: error: expected '=', ',', ';', 'asm' or '__attribute__' before 'mvinsnstr'
/home/seg/DEV/pb42/src/router/ncurses/include/curses.h:650: error: expected '=', ',', ';', 'asm' or '__attribute__' before 'mvinsstr'
/home/seg/DEV/pb42/src/router/ncurses/include/curses.h:651: error: expected '=', ',', ';', 'asm' or '__attribute__' before 'mvinstr'
/home/seg/DEV/pb42/src/router/ncurses/include/curses.h:652: error: expected '=', ',', ';', 'asm' or '__attribute__' before 'mvprintw'
/home/seg/DEV/pb42/src/router/ncurses/include/curses.h:654: error: expected '=', ',', ';', 'asm' or '__attribute__' before 'mvscanw'
/home/seg/DEV/pb42/src/router/ncurses/include/curses.h:656: error: expected '=', ',', ';', 'asm' or '__attribute__' before 'mvvline'
/home/seg/DEV/pb42/src/router/ncurses/include/curses.h:657: error: expected '=', ',', ';', 'asm' or '__attribute__' before 'mvwaddch'
/home/seg/DEV/pb42/src/router/ncurses/include/curses.h:658: error: expected '=', ',', ';', 'asm' or '__attribute__' before 'mvwaddchnstr'
/home/seg/DEV/pb42/src/router/ncurses/include/curses.h:659: error: expected '=', ',', ';', 'asm' or '__attribute__' before 'mvwaddchstr'
/home/seg/DEV/pb42/src/router/ncurses/include/curses.h:660: error: expected '=', ',', ';', 'asm' or '__attribute__' before 'mvwaddnstr'
/home/seg/DEV/pb42/src/router/ncurses/include/curses.h:661: error: expected '=', ',', ';', 'asm' or '__attribute__' before 'mvwaddstr'
/home/seg/DEV/pb42/src/router/ncurses/include/curses.h:662: error: expected '=', ',', ';', 'asm' or '__attribute__' before 'mvwchgat'
/home/seg/DEV/pb42/src/router/ncurses/include/curses.h:663: error: expected '=', ',', ';', 'asm' or '__attribute__' before 'mvwdelch'
/home/seg/DEV/pb42/src/router/ncurses/include/curses.h:664: error: expected '=', ',', ';', 'asm' or '__attribute__' before 'mvwgetch'
/home/seg/DEV/pb42/src/router/ncurses/include/curses.h:665: error: expected '=', ',', ';', 'asm' or '__attribute__' before 'mvwgetnstr'
/home/seg/DEV/pb42/src/router/ncurses/include/curses.h:666: error: expected '=', ',', ';', 'asm' or '__attribute__' before 'mvwgetstr'
/home/seg/DEV/pb42/src/router/ncurses/include/curses.h:667: error: expected '=', ',', ';', 'asm' or '__attribute__' before 'mvwhline'
/home/seg/DEV/pb42/src/router/ncurses/include/curses.h:668: error: expected '=', ',', ';', 'asm' or '__attribute__' before 'mvwin'
/home/seg/DEV/pb42/src/router/ncurses/include/curses.h:669: error: expected '=', ',', ';', 'asm' or '__attribute__' before 'mvwinch'
/home/seg/DEV/pb42/src/router/ncurses/include/curses.h:670: error: expected '=', ',', ';', 'asm' or '__attribute__' before 'mvwinchnstr'
/home/seg/DEV/pb42/src/router/ncurses/include/curses.h:671: error: expected '=', ',', ';', 'asm' or '__attribute__' before 'mvwinchstr'
/home/seg/DEV/pb42/src/router/ncurses/include/curses.h:672: error: expected '=', ',', ';', 'asm' or '__attribute__' before 'mvwinnstr'
/home/seg/DEV/pb42/src/router/ncurses/include/curses.h:673: error: expected '=', ',', ';', 'asm' or '__attribute__' before 'mvwinsch'
/home/seg/DEV/pb42/src/router/ncurses/include/curses.h:674: error: expected '=', ',', ';', 'asm' or '__attribute__' before 'mvwinsnstr'
/home/seg/DEV/pb42/src/router/ncurses/include/curses.h:675: error: expected '=', ',', ';', 'asm' or '__attribute__' before 'mvwinsstr'
/home/seg/DEV/pb42/src/router/ncurses/include/curses.h:676: error: expected '=', ',', ';', 'asm' or '__attribute__' before 'mvwinstr'
/home/seg/DEV/pb42/src/router/ncurses/include/curses.h:677: error: expected '=', ',', ';', 'asm' or '__attribute__' before 'mvwprintw'
/home/seg/DEV/pb42/src/router/ncurses/include/curses.h:679: error: expected '=', ',', ';', 'asm' or '__attribute__' before 'mvwscanw'
/home/seg/DEV/pb42/src/router/ncurses/include/curses.h:681: error: expected '=', ',', ';', 'asm' or '__attribute__' before 'mvwvline'
/home/seg/DEV/pb42/src/router/ncurses/include/curses.h:682: error: expected '=', ',', ';', 'asm' or '__attribute__' before 'napms'
/home/seg/DEV/pb42/src/router/ncurses/include/curses.h:683: error: expected ')' before '*' token
/home/seg/DEV/pb42/src/router/ncurses/include/curses.h:684: error: expected ')' before '*' token
/home/seg/DEV/pb42/src/router/ncurses/include/curses.h:685: error: expected ')' before '*' token
/home/seg/DEV/pb42/src/router/ncurses/include/curses.h:686: error: expected '=', ',', ';', 'asm' or '__attribute__' before 'nl'
/home/seg/DEV/pb42/src/router/ncurses/include/curses.h:687: error: expected '=', ',', ';', 'asm' or '__attribute__' before 'nocbreak'
/home/seg/DEV/pb42/src/router/ncurses/include/curses.h:688: error: expected '=', ',', ';', 'asm' or '__attribute__' before 'nodelay'
/home/seg/DEV/pb42/src/router/ncurses/include/curses.h:689: error: expected '=', ',', ';', 'asm' or '__attribute__' before 'noecho'
/home/seg/DEV/pb42/src/router/ncurses/include/curses.h:690: error: expected '=', ',', ';', 'asm' or '__attribute__' before 'nonl'
/home/seg/DEV/pb42/src/router/ncurses/include/curses.h:691: error: expected '=', ',', ';', 'asm' or '__attribute__' before 'noqiflush'
/home/seg/DEV/pb42/src/router/ncurses/include/curses.h:692: error: expected '=', ',', ';', 'asm' or '__attribute__' before 'noraw'
/home/seg/DEV/pb42/src/router/ncurses/include/curses.h:693: error: expected '=', ',', ';', 'asm' or '__attribute__' before 'notimeout'
/home/seg/DEV/pb42/src/router/ncurses/include/curses.h:694: error: expected '=', ',', ';', 'asm' or '__attribute__' before 'overlay'
/home/seg/DEV/pb42/src/router/ncurses/include/curses.h:695: error: expected '=', ',', ';', 'asm' or '__attribute__' before 'overwrite'
/home/seg/DEV/pb42/src/router/ncurses/include/curses.h:696: error: expected '=', ',', ';', 'asm' or '__attribute__' before 'pair_content'
/home/seg/DEV/pb42/src/router/ncurses/include/curses.h:697: error: expected '=', ',', ';', 'asm' or '__attribute__' before 'PAIR_NUMBER'
/home/seg/DEV/pb42/src/router/ncurses/include/curses.h:698: error: expected '=', ',', ';', 'asm' or '__attribute__' before 'pechochar'
/home/seg/DEV/pb42/src/router/ncurses/include/curses.h:699: error: expected '=', ',', ';', 'asm' or '__attribute__' before 'pnoutrefresh'
/home/seg/DEV/pb42/src/router/ncurses/include/curses.h:700: error: expected '=', ',', ';', 'asm' or '__attribute__' before 'prefresh'
/home/seg/DEV/pb42/src/router/ncurses/include/curses.h:701: error: expected '=', ',', ';', 'asm' or '__attribute__' before 'printw'
/home/seg/DEV/pb42/src/router/ncurses/include/curses.h:703: error: expected '=', ',', ';', 'asm' or '__attribute__' before 'putwin'
/home/seg/DEV/pb42/src/router/ncurses/include/curses.h:704: error: expected '=', ',', ';', 'asm' or '__attribute__' before 'qiflush'
/home/seg/DEV/pb42/src/router/ncurses/include/curses.h:705: error: expected '=', ',', ';', 'asm' or '__attribute__' before 'raw'
/home/seg/DEV/pb42/src/router/ncurses/include/curses.h:706: error: expected '=', ',', ';', 'asm' or '__attribute__' before 'redrawwin'
/home/seg/DEV/pb42/src/router/ncurses/include/curses.h:707: error: expected '=', ',', ';', 'asm' or '__attribute__' before 'refresh'
/home/seg/DEV/pb42/src/router/ncurses/include/curses.h:708: error: expected '=', ',', ';', 'asm' or '__attribute__' before 'resetty'
/home/seg/DEV/pb42/src/router/ncurses/include/curses.h:709: error: expected '=', ',', ';', 'asm' or '__attribute__' before 'reset_prog_mode'
/home/seg/DEV/pb42/src/router/ncurses/include/curses.h:710: error: expected '=', ',', ';', 'asm' or '__attribute__' before 'reset_shell_mode'
/home/seg/DEV/pb42/src/router/ncurses/include/curses.h:711: error: expected '=', ',', ';', 'asm' or '__attribute__' before 'ripoffline'
/home/seg/DEV/pb42/src/router/ncurses/include/curses.h:712: error: expected '=', ',', ';', 'asm' or '__attribute__' before 'savetty'
/home/seg/DEV/pb42/src/router/ncurses/include/curses.h:713: error: expected '=', ',', ';', 'asm' or '__attribute__' before 'scanw'
/home/seg/DEV/pb42/src/router/ncurses/include/curses.h:715: error: expected '=', ',', ';', 'asm' or '__attribute__' before 'scr_dump'
/home/seg/DEV/pb42/src/router/ncurses/include/curses.h:716: error: expected '=', ',', ';', 'asm' or '__attribute__' before 'scr_init'
/home/seg/DEV/pb42/src/router/ncurses/include/curses.h:717: error: expected '=', ',', ';', 'asm' or '__attribute__' before 'scrl'
/home/seg/DEV/pb42/src/router/ncurses/include/curses.h:718: error: expected '=', ',', ';', 'asm' or '__attribute__' before 'scroll'
/home/seg/DEV/pb42/src/router/ncurses/include/curses.h:719: error: expected '=', ',', ';', 'asm' or '__attribute__' before 'scrollok'
/home/seg/DEV/pb42/src/router/ncurses/include/curses.h:720: error: expected '=', ',', ';', 'asm' or '__attribute__' before 'scr_restore'
/home/seg/DEV/pb42/src/router/ncurses/include/curses.h:721: error: expected '=', ',', ';', 'asm' or '__attribute__' before 'scr_set'
/home/seg/DEV/pb42/src/router/ncurses/include/curses.h:722: error: expected '=', ',', ';', 'asm' or '__attribute__' before 'setscrreg'
/home/seg/DEV/pb42/src/router/ncurses/include/curses.h:723: error: expected ')' before '*' token
/home/seg/DEV/pb42/src/router/ncurses/include/curses.h:724: error: expected '=', ',', ';', 'asm' or '__attribute__' before 'slk_attroff'
/home/seg/DEV/pb42/src/router/ncurses/include/curses.h:725: error: expected '=', ',', ';', 'asm' or '__attribute__' before 'slk_attr_off'
/home/seg/DEV/pb42/src/router/ncurses/include/curses.h:726: error: expected '=', ',', ';', 'asm' or '__attribute__' before 'slk_attron'
/home/seg/DEV/pb42/src/router/ncurses/include/curses.h:727: error: expected '=', ',', ';', 'asm' or '__attribute__' before 'slk_attr_on'
/home/seg/DEV/pb42/src/router/ncurses/include/curses.h:728: error: expected '=', ',', ';', 'asm' or '__attribute__' before 'slk_attrset'
/home/seg/DEV/pb42/src/router/ncurses/include/curses.h:729: error: expected '=', ',', ';', 'asm' or '__attribute__' before 'slk_attr'
/home/seg/DEV/pb42/src/router/ncurses/include/curses.h:730: error: expected '=', ',', ';', 'asm' or '__attribute__' before 'slk_attr_set'
/home/seg/DEV/pb42/src/router/ncurses/include/curses.h:731: error: expected '=', ',', ';', 'asm' or '__attribute__' before 'slk_clear'
/home/seg/DEV/pb42/src/router/ncurses/include/curses.h:732: error: expected '=', ',', ';', 'asm' or '__attribute__' before 'slk_color'
/home/seg/DEV/pb42/src/router/ncurses/include/curses.h:733: error: expected '=', ',', ';', 'asm' or '__attribute__' before 'slk_init'
/home/seg/DEV/pb42/src/router/ncurses/include/curses.h:734: error: expected '=', ',', ';', 'asm' or '__attribute__' before 'slk_label'
/home/seg/DEV/pb42/src/router/ncurses/include/curses.h:735: error: expected '=', ',', ';', 'asm' or '__attribute__' before 'slk_noutrefresh'
/home/seg/DEV/pb42/src/router/ncurses/include/curses.h:736: error: expected '=', ',', ';', 'asm' or '__attribute__' before 'slk_refresh'
/home/seg/DEV/pb42/src/router/ncurses/include/curses.h:737: error: expected '=', ',', ';', 'asm' or '__attribute__' before 'slk_restore'
/home/seg/DEV/pb42/src/router/ncurses/include/curses.h:738: error: expected '=', ',', ';', 'asm' or '__attribute__' before 'slk_set'
/home/seg/DEV/pb42/src/router/ncurses/include/curses.h:739: error: expected '=', ',', ';', 'asm' or '__attribute__' before 'slk_touch'
/home/seg/DEV/pb42/src/router/ncurses/include/curses.h:740: error: expected '=', ',', ';', 'asm' or '__attribute__' before 'standout'
/home/seg/DEV/pb42/src/router/ncurses/include/curses.h:741: error: expected '=', ',', ';', 'asm' or '__attribute__' before 'standend'
/home/seg/DEV/pb42/src/router/ncurses/include/curses.h:742: error: expected '=', ',', ';', 'asm' or '__attribute__' before 'start_color'
/home/seg/DEV/pb42/src/router/ncurses/include/curses.h:743: error: expected ')' before '*' token
/home/seg/DEV/pb42/src/router/ncurses/include/curses.h:744: error: expected ')' before '*' token
/home/seg/DEV/pb42/src/router/ncurses/include/curses.h:745: error: expected '=', ',', ';', 'asm' or '__attribute__' before 'syncok'
/home/seg/DEV/pb42/src/router/ncurses/include/curses.h:746: error: expected '=', ',', ';', 'asm' or '__attribute__' before 'termattrs'
/home/seg/DEV/pb42/src/router/ncurses/include/curses.h:747: error: expected '=', ',', ';', 'asm' or '__attribute__' before 'termname'
/home/seg/DEV/pb42/src/router/ncurses/include/curses.h:748: error: expected '=', ',', ';', 'asm' or '__attribute__' before 'timeout'
/home/seg/DEV/pb42/src/router/ncurses/include/curses.h:749: error: expected '=', ',', ';', 'asm' or '__attribute__' before 'touchline'
/home/seg/DEV/pb42/src/router/ncurses/include/curses.h:750: error: expected '=', ',', ';', 'asm' or '__attribute__' before 'touchwin'
/home/seg/DEV/pb42/src/router/ncurses/include/curses.h:751: error: expected '=', ',', ';', 'asm' or '__attribute__' before 'typeahead'
/home/seg/DEV/pb42/src/router/ncurses/include/curses.h:752: error: expected '=', ',', ';', 'asm' or '__attribute__' before 'ungetch'
/home/seg/DEV/pb42/src/router/ncurses/include/curses.h:753: error: expected '=', ',', ';', 'asm' or '__attribute__' before 'untouchwin'
/home/seg/DEV/pb42/src/router/ncurses/include/curses.h:754: error: expected '=', ',', ';', 'asm' or '__attribute__' before 'use_env'
/home/seg/DEV/pb42/src/router/ncurses/include/curses.h:755: error: expected '=', ',', ';', 'asm' or '__attribute__' before 'vidattr'
/home/seg/DEV/pb42/src/router/ncurses/include/curses.h:756: error: expected '=', ',', ';', 'asm' or '__attribute__' before 'vidputs'
/home/seg/DEV/pb42/src/router/ncurses/include/curses.h:757: error: expected '=', ',', ';', 'asm' or '__attribute__' before 'vline'
/home/seg/DEV/pb42/src/router/ncurses/include/curses.h:758: error: expected '=', ',', ';', 'asm' or '__attribute__' before 'vwprintw'
/home/seg/DEV/pb42/src/router/ncurses/include/curses.h:759: error: expected '=', ',', ';', 'asm' or '__attribute__' before 'vw_printw'
/home/seg/DEV/pb42/src/router/ncurses/include/curses.h:760: error: expected '=', ',', ';', 'asm' or '__attribute__' before 'vwscanw'
/home/seg/DEV/pb42/src/router/ncurses/include/curses.h:761: error: expected '=', ',', ';', 'asm' or '__attribute__' before 'vw_scanw'
/home/seg/DEV/pb42/src/router/ncurses/include/curses.h:762: error: expected '=', ',', ';', 'asm' or '__attribute__' before 'waddch'
/home/seg/DEV/pb42/src/router/ncurses/include/curses.h:763: error: expected '=', ',', ';', 'asm' or '__attribute__' before 'waddchnstr'
/home/seg/DEV/pb42/src/router/ncurses/include/curses.h:764: error: expected '=', ',', ';', 'asm' or '__attribute__' before 'waddchstr'
/home/seg/DEV/pb42/src/router/ncurses/include/curses.h:765: error: expected '=', ',', ';', 'asm' or '__attribute__' before 'waddnstr'
/home/seg/DEV/pb42/src/router/ncurses/include/curses.h:766: error: expected '=', ',', ';', 'asm' or '__attribute__' before 'waddstr'
/home/seg/DEV/pb42/src/router/ncurses/include/curses.h:767: error: expected '=', ',', ';', 'asm' or '__attribute__' before 'wattron'
/home/seg/DEV/pb42/src/router/ncurses/include/curses.h:768: error: expected '=', ',', ';', 'asm' or '__attribute__' before 'wattroff'
/home/seg/DEV/pb42/src/router/ncurses/include/curses.h:769: error: expected '=', ',', ';', 'asm' or '__attribute__' before 'wattrset'
/home/seg/DEV/pb42/src/router/ncurses/include/curses.h:770: error: expected '=', ',', ';', 'asm' or '__attribute__' before 'wattr_get'
/home/seg/DEV/pb42/src/router/ncurses/include/curses.h:771: error: expected '=', ',', ';', 'asm' or '__attribute__' before 'wattr_on'
/home/seg/DEV/pb42/src/router/ncurses/include/curses.h:772: error: expected '=', ',', ';', 'asm' or '__attribute__' before 'wattr_off'
/home/seg/DEV/pb42/src/router/ncurses/include/curses.h:773: error: expected '=', ',', ';', 'asm' or '__attribute__' before 'wattr_set'
/home/seg/DEV/pb42/src/router/ncurses/include/curses.h:774: error: expected '=', ',', ';', 'asm' or '__attribute__' before 'wbkgd'
/home/seg/DEV/pb42/src/router/ncurses/include/curses.h:775: error: expected '=', ',', ';', 'asm' or '__attribute__' before 'wbkgdset'
/home/seg/DEV/pb42/src/router/ncurses/include/curses.h:776: error: expected '=', ',', ';', 'asm' or '__attribute__' before 'wborder'
/home/seg/DEV/pb42/src/router/ncurses/include/curses.h:777: error: expected '=', ',', ';', 'asm' or '__attribute__' before 'wchgat'
/home/seg/DEV/pb42/src/router/ncurses/include/curses.h:778: error: expected '=', ',', ';', 'asm' or '__attribute__' before 'wclear'
/home/seg/DEV/pb42/src/router/ncurses/include/curses.h:779: error: expected '=', ',', ';', 'asm' or '__attribute__' before 'wclrtobot'
/home/seg/DEV/pb42/src/router/ncurses/include/curses.h:780: error: expected '=', ',', ';', 'asm' or '__attribute__' before 'wclrtoeol'
/home/seg/DEV/pb42/src/router/ncurses/include/curses.h:781: error: expected '=', ',', ';', 'asm' or '__attribute__' before 'wcolor_set'
/home/seg/DEV/pb42/src/router/ncurses/include/curses.h:782: error: expected '=', ',', ';', 'asm' or '__attribute__' before 'wcursyncup'
/home/seg/DEV/pb42/src/router/ncurses/include/curses.h:783: error: expected '=', ',', ';', 'asm' or '__attribute__' before 'wdelch'
/home/seg/DEV/pb42/src/router/ncurses/include/curses.h:784: error: expected '=', ',', ';', 'asm' or '__attribute__' before 'wdeleteln'
/home/seg/DEV/pb42/src/router/ncurses/include/curses.h:785: error: expected '=', ',', ';', 'asm' or '__attribute__' before 'wechochar'
/home/seg/DEV/pb42/src/router/ncurses/include/curses.h:786: error: expected '=', ',', ';', 'asm' or '__attribute__' before 'werase'
/home/seg/DEV/pb42/src/router/ncurses/include/curses.h:787: error: expected '=', ',', ';', 'asm' or '__attribute__' before 'wgetch'
/home/seg/DEV/pb42/src/router/ncurses/include/curses.h:788: error: expected '=', ',', ';', 'asm' or '__attribute__' before 'wgetnstr'
/home/seg/DEV/pb42/src/router/ncurses/include/curses.h:789: error: expected '=', ',', ';', 'asm' or '__attribute__' before 'wgetstr'
/home/seg/DEV/pb42/src/router/ncurses/include/curses.h:790: error: expected '=', ',', ';', 'asm' or '__attribute__' before 'whline'
/home/seg/DEV/pb42/src/router/ncurses/include/curses.h:791: error: expected '=', ',', ';', 'asm' or '__attribute__' before 'winch'
/home/seg/DEV/pb42/src/router/ncurses/include/curses.h:792: error: expected '=', ',', ';', 'asm' or '__attribute__' before 'winchnstr'
/home/seg/DEV/pb42/src/router/ncurses/include/curses.h:793: error: expected '=', ',', ';', 'asm' or '__attribute__' before 'winchstr'
/home/seg/DEV/pb42/src/router/ncurses/include/curses.h:794: error: expected '=', ',', ';', 'asm' or '__attribute__' before 'winnstr'
/home/seg/DEV/pb42/src/router/ncurses/include/curses.h:795: error: expected '=', ',', ';', 'asm' or '__attribute__' before 'winsch'
/home/seg/DEV/pb42/src/router/ncurses/include/curses.h:796: error: expected '=', ',', ';', 'asm' or '__attribute__' before 'winsdelln'
/home/seg/DEV/pb42/src/router/ncurses/include/curses.h:797: error: expected '=', ',', ';', 'asm' or '__attribute__' before 'winsertln'
/home/seg/DEV/pb42/src/router/ncurses/include/curses.h:798: error: expected '=', ',', ';', 'asm' or '__attribute__' before 'winsnstr'
/home/seg/DEV/pb42/src/router/ncurses/include/curses.h:799: error: expected '=', ',', ';', 'asm' or '__attribute__' before 'winsstr'
/home/seg/DEV/pb42/src/router/ncurses/include/curses.h:800: error: expected '=', ',', ';', 'asm' or '__attribute__' before 'winstr'
/home/seg/DEV/pb42/src/router/ncurses/include/curses.h:801: error: expected '=', ',', ';', 'asm' or '__attribute__' before 'wmove'
/home/seg/DEV/pb42/src/router/ncurses/include/curses.h:802: error: expected '=', ',', ';', 'asm' or '__attribute__' before 'wnoutrefresh'
/home/seg/DEV/pb42/src/router/ncurses/include/curses.h:803: error: expected '=', ',', ';', 'asm' or '__attribute__' before 'wprintw'
/home/seg/DEV/pb42/src/router/ncurses/include/curses.h:805: error: expected '=', ',', ';', 'asm' or '__attribute__' before 'wredrawln'
/home/seg/DEV/pb42/src/router/ncurses/include/curses.h:806: error: expected '=', ',', ';', 'asm' or '__attribute__' before 'wrefresh'
/home/seg/DEV/pb42/src/router/ncurses/include/curses.h:807: error: expected '=', ',', ';', 'asm' or '__attribute__' before 'wscanw'
/home/seg/DEV/pb42/src/router/ncurses/include/curses.h:809: error: expected '=', ',', ';', 'asm' or '__attribute__' before 'wscrl'
/home/seg/DEV/pb42/src/router/ncurses/include/curses.h:810: error: expected '=', ',', ';', 'asm' or '__attribute__' before 'wsetscrreg'
/home/seg/DEV/pb42/src/router/ncurses/include/curses.h:811: error: expected '=', ',', ';', 'asm' or '__attribute__' before 'wstandout'
/home/seg/DEV/pb42/src/router/ncurses/include/curses.h:812: error: expected '=', ',', ';', 'asm' or '__attribute__' before 'wstandend'
/home/seg/DEV/pb42/src/router/ncurses/include/curses.h:813: error: expected '=', ',', ';', 'asm' or '__attribute__' before 'wsyncdown'
/home/seg/DEV/pb42/src/router/ncurses/include/curses.h:814: error: expected '=', ',', ';', 'asm' or '__attribute__' before 'wsyncup'
/home/seg/DEV/pb42/src/router/ncurses/include/curses.h:815: error: expected '=', ',', ';', 'asm' or '__attribute__' before 'wtimeout'
/home/seg/DEV/pb42/src/router/ncurses/include/curses.h:816: error: expected '=', ',', ';', 'asm' or '__attribute__' before 'wtouchln'
/home/seg/DEV/pb42/src/router/ncurses/include/curses.h:817: error: expected '=', ',', ';', 'asm' or '__attribute__' before 'wvline'
/home/seg/DEV/pb42/src/router/ncurses/include/curses.h:822: error: expected '=', ',', ';', 'asm' or '__attribute__' before 'tigetflag'
/home/seg/DEV/pb42/src/router/ncurses/include/curses.h:823: error: expected '=', ',', ';', 'asm' or '__attribute__' before 'tigetnum'
/home/seg/DEV/pb42/src/router/ncurses/include/curses.h:824: error: expected '=', ',', ';', 'asm' or '__attribute__' before 'tigetstr'
/home/seg/DEV/pb42/src/router/ncurses/include/curses.h:825: error: expected '=', ',', ';', 'asm' or '__attribute__' before 'putp'
/home/seg/DEV/pb42/src/router/ncurses/include/curses.h:828: error: expected '=', ',', ';', 'asm' or '__attribute__' before 'tparm'
/home/seg/DEV/pb42/src/router/ncurses/include/curses.h:834: error: expected '=', ',', ';', 'asm' or '__attribute__' before 'ttytype'
/home/seg/DEV/pb42/src/router/ncurses/include/curses.h:839: error: expected '=', ',', ';', 'asm' or '__attribute__' before 'getcurx'
/home/seg/DEV/pb42/src/router/ncurses/include/curses.h:840: error: expected '=', ',', ';', 'asm' or '__attribute__' before 'getcury'
/home/seg/DEV/pb42/src/router/ncurses/include/curses.h:841: error: expected '=', ',', ';', 'asm' or '__attribute__' before 'getbegx'
/home/seg/DEV/pb42/src/router/ncurses/include/curses.h:842: error: expected '=', ',', ';', 'asm' or '__attribute__' before 'getbegy'
/home/seg/DEV/pb42/src/router/ncurses/include/curses.h:843: error: expected '=', ',', ';', 'asm' or '__attribute__' before 'getmaxx'
/home/seg/DEV/pb42/src/router/ncurses/include/curses.h:844: error: expected '=', ',', ';', 'asm' or '__attribute__' before 'getmaxy'
/home/seg/DEV/pb42/src/router/ncurses/include/curses.h:845: error: expected '=', ',', ';', 'asm' or '__attribute__' before 'getparx'
/home/seg/DEV/pb42/src/router/ncurses/include/curses.h:846: error: expected '=', ',', ';', 'asm' or '__attribute__' before 'getpary'
/home/seg/DEV/pb42/src/router/ncurses/include/curses.h:1310: error: storage class specified for parameter 'MEVENT'
/home/seg/DEV/pb42/src/router/ncurses/include/curses.h:1312: error: expected '=', ',', ';', 'asm' or '__attribute__' before 'getmouse'
/home/seg/DEV/pb42/src/router/ncurses/include/curses.h:1313: error: expected '=', ',', ';', 'asm' or '__attribute__' before 'ungetmouse'
/home/seg/DEV/pb42/src/router/ncurses/include/curses.h:1314: error: expected '=', ',', ';', 'asm' or '__attribute__' before 'mousemask'
/home/seg/DEV/pb42/src/router/ncurses/include/curses.h:1315: error: expected '=', ',', ';', 'asm' or '__attribute__' before 'wenclose'
/home/seg/DEV/pb42/src/router/ncurses/include/curses.h:1316: error: expected '=', ',', ';', 'asm' or '__attribute__' before 'mouseinterval'
/home/seg/DEV/pb42/src/router/ncurses/include/curses.h:1317: error: expected '=', ',', ';', 'asm' or '__attribute__' before 'wmouse_trafo'
/home/seg/DEV/pb42/src/router/ncurses/include/curses.h:1318: error: expected '=', ',', ';', 'asm' or '__attribute__' before 'mouse_trafo'
/home/seg/DEV/pb42/src/router/ncurses/include/curses.h:1324: error: expected '=', ',', ';', 'asm' or '__attribute__' before 'mcprint'
/home/seg/DEV/pb42/src/router/ncurses/include/curses.h:1325: error: expected '=', ',', ';', 'asm' or '__attribute__' before 'has_key'
/home/seg/DEV/pb42/src/router/ncurses/include/curses.h:1329: error: expected '=', ',', ';', 'asm' or '__attribute__' before '_tracef'
/home/seg/DEV/pb42/src/router/ncurses/include/curses.h:1330: error: expected '=', ',', ';', 'asm' or '__attribute__' before '_tracedump'
/home/seg/DEV/pb42/src/router/ncurses/include/curses.h:1331: error: expected '=', ',', ';', 'asm' or '__attribute__' before '_traceattr'
/home/seg/DEV/pb42/src/router/ncurses/include/curses.h:1332: error: expected '=', ',', ';', 'asm' or '__attribute__' before '_traceattr2'
/home/seg/DEV/pb42/src/router/ncurses/include/curses.h:1333: error: expected '=', ',', ';', 'asm' or '__attribute__' before '_nc_tracebits'
/home/seg/DEV/pb42/src/router/ncurses/include/curses.h:1334: error: expected '=', ',', ';', 'asm' or '__attribute__' before '_tracechar'
/home/seg/DEV/pb42/src/router/ncurses/include/curses.h:1335: error: expected '=', ',', ';', 'asm' or '__attribute__' before '_tracechtype'
/home/seg/DEV/pb42/src/router/ncurses/include/curses.h:1336: error: expected '=', ',', ';', 'asm' or '__attribute__' before '_tracechtype2'
/home/seg/DEV/pb42/src/router/ncurses/include/curses.h:1346: error: expected '=', ',', ';', 'asm' or '__attribute__' before '_tracemouse'
/home/seg/DEV/pb42/src/router/ncurses/include/curses.h:1347: error: expected '=', ',', ';', 'asm' or '__attribute__' before 'trace'
conftest.c:63: error: old-style parameter declarations in prototyped function definition
/home/seg/DEV/pb42/src/router/ncurses/include/curses.h:209: error: parameter name omitted
conftest.c:63: error: expected '{' at end of input
configure:3568: $? = 1
configure: failed program was:
| /* confdefs.h.  */
| 
| #define PACKAGE_NAME ""
| #define PACKAGE_TARNAME ""
| #define PACKAGE_VERSION ""
| #define PACKAGE_STRING ""
| #define PACKAGE_BUGREPORT ""
| #define HAVE_ASPRINTF 1
| #define HAVE_GETLOADAVG 1
| #define HAVE_SETENV 1
| #define HAVE_STRCASESTR 1
| #define HAVE_STRNDUP 1
| #define HAVE_STRNLEN 1
| #define HAVE_STRSEP 1
| #define HAVE_STRTOQ 1
| #define HAVE_UNSETENV 1
| #define HAVE_VASPRINTF 1
| #define STDC_HEADERS 1
| #define HAVE_SYS_TYPES_H 1
| #define HAVE_SYS_STAT_H 1
| #define HAVE_STDLIB_H 1
| #define HAVE_STRING_H 1
| #define HAVE_MEMORY_H 1
| #define HAVE_STRINGS_H 1
| #define HAVE_INTTYPES_H 1
| #define HAVE_STDINT_H 1
| #define HAVE_UNISTD_H 1
| /* end confdefs.h.  */
| #include <stdio.h>
| #if HAVE_SYS_TYPES_H
| # include <sys/types.h>
| #endif
| #if HAVE_SYS_STAT_H
| # include <sys/stat.h>
| #endif
| #if STDC_HEADERS
| # include <stdlib.h>
| # include <stddef.h>
| #else
| # if HAVE_STDLIB_H
| #  include <stdlib.h>
| # endif
| #endif
| #if HAVE_STRING_H
| # if !STDC_HEADERS && HAVE_MEMORY_H
| #  include <memory.h>
| # endif
| # include <string.h>
| #endif
| #if HAVE_STRINGS_H
| # include <strings.h>
| #endif
| #if HAVE_INTTYPES_H
| # include <inttypes.h>
| #else
| # if HAVE_STDINT_H
| #  include <stdint.h>
| # endif
| #endif
| #if HAVE_UNISTD_H
| # include <unistd.h>
| #endif
| #include </home/seg/DEV/pb42/src/router/ncurses/include/curses.h>
configure:3591: result: no
configure:3595: checking /home/seg/DEV/pb42/src/router/ncurses/include/curses.h presence
configure:3605: gcc -E  conftest.c
In file included from conftest.c:29:
/home/seg/DEV/pb42/src/router/ncurses/include/curses.h:66:25: error: ncurses_dll.h: No such file or directory
/home/seg/DEV/pb42/src/router/ncurses/include/curses.h:134:20: error: unctrl.h: No such file or directory
configure:3611: $? = 1
configure: failed program was:
| /* confdefs.h.  */
| 
| #define PACKAGE_NAME ""
| #define PACKAGE_TARNAME ""
| #define PACKAGE_VERSION ""
| #define PACKAGE_STRING ""
| #define PACKAGE_BUGREPORT ""
| #define HAVE_ASPRINTF 1
| #define HAVE_GETLOADAVG 1
| #define HAVE_SETENV 1
| #define HAVE_STRCASESTR 1
| #define HAVE_STRNDUP 1
| #define HAVE_STRNLEN 1
| #define HAVE_STRSEP 1
| #define HAVE_STRTOQ 1
| #define HAVE_UNSETENV 1
| #define HAVE_VASPRINTF 1
| #define STDC_HEADERS 1
| #define HAVE_SYS_TYPES_H 1
| #define HAVE_SYS_STAT_H 1
| #define HAVE_STDLIB_H 1
| #define HAVE_STRING_H 1
| #define HAVE_MEMORY_H 1
| #define HAVE_STRINGS_H 1
| #define HAVE_INTTYPES_H 1
| #define HAVE_STDINT_H 1
| #define HAVE_UNISTD_H 1
| /* end confdefs.h.  */
| #include </home/seg/DEV/pb42/src/router/ncurses/include/curses.h>
configure:3631: result: no
configure:3666: checking for /home/seg/DEV/pb42/src/router/ncurses/include/curses.h
configure:3673: result: no
configure:3914: checking for pkg-config
configure:3941: result: No
configure:4070: creating ./config.status

## ---------------------- ##
## Running config.status. ##
## ---------------------- ##

This file was extended by config.status, which was
generated by GNU Autoconf 2.59.  Invocation command line was

  CONFIG_FILES    = 
  CONFIG_HEADERS  = 
  CONFIG_LINKS    = 
  CONFIG_COMMANDS = 
  $ ./config.status --quiet

on dd-wrt

config.status:663: creating makeopts
config.status:766: creating autoconfig.h
configure:5150: configuring in mxml
configure:5267: running /bin/sh './configure' --prefix=/usr/local  'CC=' 'LD=' 'AR=' 'CFLAGS=' --cache-file=/dev/null --srcdir=.
configure:5282: Menuselect build configuration successfully completed

## ---------------- ##
## Cache variables. ##
## ---------------- ##

ac_cv_build=x86_64-unknown-linux-gnu
ac_cv_build_alias=x86_64-unknown-linux-gnu
ac_cv_c_compiler_gnu=yes
ac_cv_env_CC_set=set
ac_cv_env_CC_value=
ac_cv_env_CFLAGS_set=set
ac_cv_env_CFLAGS_value=
ac_cv_env_CPPFLAGS_set=
ac_cv_env_CPPFLAGS_value=
ac_cv_env_CPP_set=
ac_cv_env_CPP_value=
ac_cv_env_LDFLAGS_set=
ac_cv_env_LDFLAGS_value=
ac_cv_env_build_alias_set=
ac_cv_env_build_alias_value=
ac_cv_env_host_alias_set=
ac_cv_env_host_alias_value=
ac_cv_env_target_alias_set=
ac_cv_env_target_alias_value=
ac_cv_exeext=
ac_cv_func_asprintf=yes
ac_cv_func_getloadavg=yes
ac_cv_func_setenv=yes
ac_cv_func_strcasestr=yes
ac_cv_func_strndup=yes
ac_cv_func_strnlen=yes
ac_cv_func_strsep=yes
ac_cv_func_strtoq=yes
ac_cv_func_unsetenv=yes
ac_cv_func_vasprintf=yes
ac_cv_header__home_seg_DEV_pb42_src_router_ncurses_include_curses_h=no
ac_cv_header_inttypes_h=yes
ac_cv_header_memory_h=yes
ac_cv_header_stdc=yes
ac_cv_header_stdint_h=yes
ac_cv_header_stdlib_h=yes
ac_cv_header_string_h=yes
ac_cv_header_strings_h=yes
ac_cv_header_sys_stat_h=yes
ac_cv_header_sys_types_h=yes
ac_cv_header_unistd_h=yes
ac_cv_host=x86_64-unknown-linux-gnu
ac_cv_host_alias=x86_64-unknown-linux-gnu
ac_cv_lib_curses_initscr=no
ac_cv_lib_ncurses_initscr=yes
ac_cv_objext=o
ac_cv_prog_CPP='gcc -E'
ac_cv_prog_ac_ct_CC=gcc
ac_cv_prog_ac_ct_PKGCONFIG=No
ac_cv_prog_cc_g=yes
ac_cv_prog_cc_stdc=
ac_cv_prog_egrep='grep -E'

## ----------------- ##
## Output variables. ##
## ----------------- ##

CC='gcc'
CFLAGS=''
CPP='gcc -E'
CPPFLAGS=''
CURSES_INCLUDE=''
CURSES_LIB=''
DEFS='-DHAVE_CONFIG_H'
ECHO_C=''
ECHO_N='-n'
ECHO_T=''
EGREP='grep -E'
EXEEXT=''
GNU_MAKE='make'
GTK2_INCLUDE=''
GTK2_LIB=''
HOST_OS='linux-gnu'
LDFLAGS=''
LIBOBJS=''
LIBS=''
LTLIBOBJS=''
NCURSES_INCLUDE=''
NCURSES_LIB=''
OBJEXT='o'
PACKAGE_BUGREPORT=''
PACKAGE_NAME=''
PACKAGE_STRING=''
PACKAGE_TARNAME=''
PACKAGE_VERSION=''
PATH_SEPARATOR=':'
PBX_CURSES='0'
PBX_GTK2='0'
PBX_NCURSES='0'
PKGCONFIG='No'
SHELL='/bin/sh'
ac_ct_CC='gcc'
ac_ct_PKGCONFIG='No'
bindir='${exec_prefix}/bin'
build='x86_64-unknown-linux-gnu'
build_alias=''
build_cpu='x86_64'
build_os='linux-gnu'
build_vendor='unknown'
datadir='${prefix}/share'
exec_prefix='${prefix}'
host='x86_64-unknown-linux-gnu'
host_alias=''
host_cpu='x86_64'
host_os='linux-gnu'
host_vendor='unknown'
includedir='${prefix}/include'
infodir='${prefix}/info'
libdir='${exec_prefix}/lib'
libexecdir='${exec_prefix}/libexec'
localstatedir='${prefix}/var'
mandir='${prefix}/man'
oldincludedir='/usr/include'
prefix='/usr/local'
program_transform_name='s,x,x,'
sbindir='${exec_prefix}/sbin'
sharedstatedir='${prefix}/com'
subdirs=' mxml'
sysconfdir='${prefix}/etc'
target_alias=''

## ----------- ##
## confdefs.h. ##
## ----------- ##

#define HAVE_ASPRINTF 1
#define HAVE_GETLOADAVG 1
#define HAVE_INTTYPES_H 1
#define HAVE_MEMORY_H 1
#define HAVE_SETENV 1
#define HAVE_STDINT_H 1
#define HAVE_STDLIB_H 1
#define HAVE_STRCASESTR 1
#define HAVE_STRINGS_H 1
#define HAVE_STRING_H 1
#define HAVE_STRNDUP 1
#define HAVE_STRNLEN 1
#define HAVE_STRSEP 1
#define HAVE_STRTOQ 1
#define HAVE_SYS_STAT_H 1
#define HAVE_SYS_TYPES_H 1
#define HAVE_UNISTD_H 1
#define HAVE_UNSETENV 1
#define HAVE_VASPRINTF 1
#define PACKAGE_BUGREPORT ""
#define PACKAGE_NAME ""
#define PACKAGE_STRING ""
#define PACKAGE_TARNAME ""
#define PACKAGE_VERSION ""
#define STDC_HEADERS 1

configure: exit 0
